  Assembling asm.asm...
C:\Program Files (x86)\irvine\SmallWin.inc(10): error A2008: syntax error : .
C:\Program Files (x86)\irvine\SmallWin.inc(11): error A2008: syntax error : .
C:\Program Files (x86)\irvine\SmallWin.inc(12): error A2008: syntax error : .
C:\Program Files (x86)\irvine\SmallWin.inc(299): error A2008: syntax error : ,
C:\Program Files (x86)\irvine\SmallWin.inc(302): error A2008: syntax error : ,
C:\Program Files (x86)\irvine\SmallWin.inc(311): error A2008: syntax error : ,
C:\Program Files (x86)\irvine\SmallWin.inc(314): error A2008: syntax error : ,
C:\Program Files (x86)\irvine\SmallWin.inc(318): error A2008: syntax error : ,
C:\Program Files (x86)\irvine\SmallWin.inc(323): error A2008: syntax error : ,
C:\Program Files (x86)\irvine\SmallWin.inc(332): error A2008: syntax error : ,
C:\Program Files (x86)\irvine\SmallWin.inc(339): error A2008: syntax error : ,
C:\Program Files (x86)\irvine\SmallWin.inc(343): error A2008: syntax error : ,
C:\Program Files (x86)\irvine\SmallWin.inc(347): error A2008: syntax error : ,
C:\Program Files (x86)\irvine\SmallWin.inc(351): error A2008: syntax error : ,
C:\Program Files (x86)\irvine\SmallWin.inc(357): error A2008: syntax error : ,
C:\Program Files (x86)\irvine\SmallWin.inc(362): error A2008: syntax error : ,
C:\Program Files (x86)\irvine\SmallWin.inc(365): error A2008: syntax error : ,
C:\Program Files (x86)\irvine\SmallWin.inc(369): error A2008: syntax error : ,
C:\Program Files (x86)\irvine\SmallWin.inc(372): error A2008: syntax error : ,
C:\Program Files (x86)\irvine\SmallWin.inc(380): error A2008: syntax error : ,
C:\Program Files (x86)\irvine\SmallWin.inc(385): error A2008: syntax error : ,
C:\Program Files (x86)\irvine\SmallWin.inc(390): error A2008: syntax error : ,
C:\Program Files (x86)\irvine\SmallWin.inc(393): error A2008: syntax error : ,
C:\Program Files (x86)\irvine\SmallWin.inc(398): error A2008: syntax error : ,
C:\Program Files (x86)\irvine\SmallWin.inc(403): error A2008: syntax error : ,
C:\Program Files (x86)\irvine\SmallWin.inc(406): error A2008: syntax error : ,
C:\Program Files (x86)\irvine\SmallWin.inc(412): error A2008: syntax error : ,
C:\Program Files (x86)\irvine\SmallWin.inc(418): error A2008: syntax error : ,
C:\Program Files (x86)\irvine\SmallWin.inc(421): error A2008: syntax error : ,
C:\Program Files (x86)\irvine\SmallWin.inc(428): error A2008: syntax error : ,
C:\Program Files (x86)\irvine\SmallWin.inc(434): error A2008: syntax error : ,
C:\Program Files (x86)\irvine\SmallWin.inc(441): error A2008: syntax error : ,
C:\Program Files (x86)\irvine\SmallWin.inc(444): error A2008: syntax error : ,
C:\Program Files (x86)\irvine\SmallWin.inc(448): error A2008: syntax error : ,
C:\Program Files (x86)\irvine\SmallWin.inc(452): error A2008: syntax error : ,
C:\Program Files (x86)\irvine\SmallWin.inc(456): error A2008: syntax error : ,
C:\Program Files (x86)\irvine\SmallWin.inc(460): error A2008: syntax error : ,
C:\Program Files (x86)\irvine\SmallWin.inc(464): error A2008: syntax error : ,
C:\Program Files (x86)\irvine\SmallWin.inc(467): error A2008: syntax error : ,
C:\Program Files (x86)\irvine\SmallWin.inc(472): error A2008: syntax error : ,
C:\Program Files (x86)\irvine\SmallWin.inc(478): error A2008: syntax error : ,
C:\Program Files (x86)\irvine\SmallWin.inc(481): error A2008: syntax error : ,
C:\Program Files (x86)\irvine\SmallWin.inc(484): error A2008: syntax error : ,
C:\Program Files (x86)\irvine\SmallWin.inc(488): error A2008: syntax error : ,
C:\Program Files (x86)\irvine\SmallWin.inc(495): error A2008: syntax error : ,
C:\Program Files (x86)\irvine\SmallWin.inc(502): error A2008: syntax error : ,
C:\Program Files (x86)\irvine\SmallWin.inc(509): error A2008: syntax error : ,
C:\Program Files (x86)\irvine\SmallWin.inc(516): error A2008: syntax error : near
C:\Program Files (x86)\irvine\Irvine32.inc(22): error A2008: syntax error : ,
C:\Program Files (x86)\irvine\Irvine32.inc(66): error A2008: syntax error : ,
C:\Program Files (x86)\irvine\Irvine32.inc(71): error A2008: syntax error : ,
C:\Program Files (x86)\irvine\Irvine32.inc(76): error A2008: syntax error : ,
C:\Program Files (x86)\irvine\Irvine32.inc(82): error A2008: syntax error : ,
C:\Program Files (x86)\irvine\Irvine32.inc(87): error A2008: syntax error : ,
C:\Program Files (x86)\irvine\Irvine32.inc(93): error A2008: syntax error : ,
C:\Program Files (x86)\irvine\Irvine32.inc(99): error A2008: syntax error : ,
asm.asm(3): error A2008: syntax error : .
asm.asm(351): error A2008: syntax error : INVOKE
asm.asm(361): error A2070: invalid instruction operands
asm.asm(362): error A2070: invalid instruction operands
asm.asm(363): error A2070: invalid instruction operands
asm.asm(369): error A2070: invalid instruction operands
asm.asm(370): error A2070: invalid instruction operands
asm.asm(371): error A2070: invalid instruction operands
asm.asm(387): error A2070: invalid instruction operands
asm.asm(388): error A2070: invalid instruction operands
asm.asm(389): error A2070: invalid instruction operands
asm.asm(422): error A2070: invalid instruction operands
asm.asm(423): error A2070: invalid instruction operands
asm.asm(424): error A2070: invalid instruction operands
asm.asm(439): error A2070: invalid instruction operands
asm.asm(440): error A2070: invalid instruction operands
asm.asm(441): error A2070: invalid instruction operands
asm.asm(467): error A2070: invalid instruction operands
asm.asm(468): error A2070: invalid instruction operands
asm.asm(469): error A2070: invalid instruction operands
asm.asm(472): error A2008: syntax error : main
asm.asm(472): error A2088: END directive required at end of file
C:\Program Files\Microsoft Visual Studio\2022\Preview\MSBuild\Microsoft\VC\v170\BuildCustomizations\masm.targets(70,5): error MSB3721: The command "ml64.exe /c /nologo /Zi /Fo"x64\Debug\asm.obj" /I "C:\Program Files (x86)\irvine" /W3 /errorReport:prompt  /Taasm.asm" exited with code 1.
